The worst-case times, in milliseconds, are
n 	repetitions 	elapsed time 	time/sort
0	6650		1040		0.15639098
10	4300		1050		0.24418604
20	1544		1040		0.6735751
30	743		1040		1.3997308
40	431		1050		2.436195
50	280		1040		3.7142856
60	196		1050		5.357143
70	144		1040		7.2222223
80	111		1040		9.3693695
90	88		1050		11.931818
100	71		1040		14.647887
200	18		1040		57.77778
300	8		1050		131.25
400	5		1150		230.0
500	3		1100		366.66666
600	2		1040		520.0
700	2		1430		715.0
800	2		1870		935.0
900	1		1210		1210.0
1000	1		1480		1480.0
