Enter number of elements
Enter element 1
Enter an integer value
Enter element 2
Enter an integer value
Enter element 3
Enter an integer value
Enter element 4
Enter an integer value
Enter element 5
Enter an integer value
Enter element 6
Enter an integer value
Enter element 7
Enter an integer value
Enter element 8
Enter an integer value
Enter element 9
Enter an integer value
Enter element 10
Enter an integer value
Enter element 11
Enter an integer value
Enter element 12
Enter an integer value
Enter element 13
Enter an integer value
Enter element 14
Enter an integer value
Enter element 15
Enter an integer value
Distinct elements and frequencies are
0 1    1 1    2 2    3 1    4 2    5 2    6 3    7 2    8 1    
