Enter number of elements in queue
Enter queue elements from front to rear
Enter an integer value
Enter an integer value
Enter an integer value
Enter an integer value
Enter an integer value
Enter an integer value
Enter an integer value
The queue is [1, 3, 5, 2, 4, 6, 8]
The queue size is 7
The split queues are [1, 5, 4, 8] and [3, 2, 6]
The sizes of the split queues are 4 and 3
The result of combining the input queue and the second split queue is [1, 3, 3, 2, 5, 6, 2, 4, 6, 8]
Enter number of elements in queue
Enter queue elements from front to rear
Enter an integer value
Enter an integer value
Enter an integer value
Enter an integer value
Enter an integer value
Enter an integer value
The queue is [1, 3, 5, 2, 4, 6]
The queue size is 6
The split queues are [1, 5, 4] and [3, 2, 6]
The sizes of the split queues are 3 and 3
The result of combining the input queue and the second split queue is [1, 3, 3, 2, 5, 6, 2, 4, 6]
