Enter number of players
Enter player values
The winner tree is
size = 10 offset = 15
Winner tree pointers are
10 3 10 3 8 10 0 1 3 5 8 10 0 0 0 
Changed player 2 to zero, new tree is
size = 10 offset = 15
Winner tree pointers are
2 2 10 2 8 10 0 2 3 5 8 10 0 0 0 
Changed player 3 to -1, new tree is
size = 10 offset = 15
Winner tree pointers are
3 3 10 3 8 10 0 2 3 5 8 10 0 0 0 
Changed player 7 to 2, new tree is
size = 10 offset = 15
Winner tree pointers are
3 3 10 3 7 10 0 2 3 5 7 10 0 0 0 
Changed player 9 to -2, new tree is
size = 10 offset = 15
Winner tree pointers are
9 3 9 3 7 9 0 2 3 5 7 9 0 0 0 
