Enter the number of nonzero terms
Enter the nonzero terms in decreasing order of exponents.
Give input as a sequence e_1, c_1, e_2, c_2, ...
Polynomial a is
4 5 3 4 2 3 1 2 0 1 
Enter the number of nonzero terms
Enter the nonzero terms in decreasing order of exponents.
Give input as a sequence e_1, c_1, e_2, c_2, ...
Polynomial b is
2 4 1 3 0 -1 
a + b =
4 5 3 4 2 7 1 5 
a - b =
4 5 3 4 2 -1 1 -1 0 2 
a * b =
6 20 5 31 4 19 3 13 2 7 1 1 0 -1 
a / b =
2 1 
Enter the number of nonzero terms
Enter the nonzero terms in decreasing order of exponents.
Give input as a sequence e_1, c_1, e_2, c_2, ...
Polynomial b is
5 2 4 4 3 3 2 3 1 -2 0 1 
a + b =
5 2 4 9 3 7 2 6 0 2 
a - b =
5 -2 4 1 3 1 1 4 
a * b =
9 10 8 28 7 37 6 43 5 21 4 16 3 7 2 2 0 1 
a / b =

Enter the number of nonzero terms
Enter the nonzero terms in decreasing order of exponents.
Give input as a sequence e_1, c_1, e_2, c_2, ...
Polynomial a is
4 5 3 4 2 3 1 2 0 1 
Polynomial b is
5 2 4 4 3 3 2 3 1 -2 0 1 
Polynomial c is
4 -5 3 -4 2 -3 1 3 0 2 
a + c =
1 5 0 3 
a - c =
4 10 3 8 2 6 1 -1 0 -1 
a * c =
8 -25 7 -40 6 -46 5 -19 3 7 2 9 1 7 0 2 
a / c =
0 -1 
a + b + c =
5 2 4 4 3 3 2 3 1 3 0 4 
Enter the number of nonzero terms
Polynomial a is

Polynomial c is
4 -5 3 -4 2 -3 1 3 0 2 
a + c =
4 -5 3 -4 2 -3 1 3 0 2 
a - c =
4 5 3 4 2 3 1 -3 0 -2 
a * c =

Enter the number of nonzero terms
Enter the nonzero terms in decreasing order of exponents.
Give input as a sequence e_1, c_1, e_2, c_2, ...
Polynomial a is
0 1 
Polynomial c is
4 -5 3 -4 2 -3 1 3 0 2 
a * c =
4 -5 3 -4 2 -3 1 3 0 2 
a / c =

Enter the number of nonzero terms
Enter the nonzero terms in decreasing order of exponents.
Give input as a sequence e_1, c_1, e_2, c_2, ...
Polynomial a is
3 2 2 4 1 1 0 2 
Enter the number of nonzero terms
Enter the nonzero terms in decreasing order of exponents.
Give input as a sequence e_1, c_1, e_2, c_2, ...
Polynomial c is
1 1 0 2 
a * c =
4 2 3 8 2 9 1 4 0 4 
a / c =
2 2 0 1 
Enter the number of nonzero terms
Enter the nonzero terms in decreasing order of exponents.
Give input as a sequence e_1, c_1, e_2, c_2, ...
Polynomial a is
10 3 8 3 6 2 4 3 2 1 
Enter the number of nonzero terms
Enter the nonzero terms in decreasing order of exponents.
Give input as a sequence e_1, c_1, e_2, c_2, ...
Polynomial c is
2 1 0 1 
a * c =
12 3 10 6 8 5 6 5 4 4 2 1 
a / c =
8 3 4 2 2 1 
a(0) = 0
a(1) = 12
a(2) = 4020
