The worst-case times, in milliseconds, are
n 	repetitions 	elapsed time 	time/sort
0	6849		1040		0.15184699
10	4140		1040		0.25120774
20	1472		1050		0.7133152
30	709		1040		1.4668547
40	411		1040		2.5304136
50	266		1050		3.9473684
60	187		1040		5.561497
70	138		1040		7.536232
80	106		1050		9.905661
90	83		1040		12.530121
100	68		1040		15.294118
200	17		1050		61.764706
300	4		1100		275.0
400	3		1480		493.33334
500	2		1370		685.0
600	2		1100		550.0
700	2		1540		770.0
800	2		1920		960.0
900	1		1260		1260.0
1000	1		1540		1540.0
