Enter the number of vertices in the digraph
Enter the number of edges in the digraph
Enter edge 1
Enter an integer value
Enter edge 2
Enter an integer value
Enter edge 3
Enter an integer value
Enter edge 4
Enter an integer value
Enter edge 5
Enter an integer value
Enter edge 6
Enter an integer value
The number of vertices is 8
The number of edges is 6
The graph is
Vertex 1 = [3 7, 2 8]
Vertex 2 = []
Vertex 3 = []
Vertex 4 = [5 5]
Vertex 5 = [6 3]
Vertex 6 = []
Vertex 7 = [5 1, 6 6]
Vertex 8 = []


Enter the number of vertices in the digraph
Enter the number of edges in the digraph
Enter edge 1
Enter an integer value
Enter edge 2
Enter an integer value
Enter edge 3
Enter an integer value
Enter edge 4
Enter an integer value
Enter edge 5
Enter an integer value
Enter edge 6
Enter an integer value
Enter edge 7
Enter an integer value
Enter edge 8
Enter an integer value
Enter edge 9
Enter an integer value
Enter edge 10
Enter an integer value
The number of vertices is 6
The number of edges is 10
The graph is
Vertex 1 = [6 3]
Vertex 2 = [6 6, 1 2]
Vertex 3 = [6 7, 5 4, 2 2]
Vertex 4 = [1 1, 2 2, 5 4]
Vertex 5 = [2 5]
Vertex 6 = []


