Enter number of elements in stack
Enter stack elements from bottom to top
Enter an integer value
Enter an integer value
Enter an integer value
Enter an integer value
Enter an integer value
Enter an integer value
Enter an integer value
The stack is [1, 3, 5, 2, 4, 6, 8]
The stack size is 7
The split stacks are [1, 3, 5] and [2, 4, 6, 8]
The sizes of the split stacks are 3 and 4
The result of combining the input stack and its top half is [1, 3, 5, 2, 4, 6, 8, 2, 4, 6, 8]
Enter number of elements in stack
Enter stack elements from bottom to top
Enter an integer value
Enter an integer value
Enter an integer value
Enter an integer value
Enter an integer value
Enter an integer value
The stack is [1, 3, 5, 2, 4, 6]
The stack size is 6
The split stacks are [1, 3, 5] and [2, 4, 6]
The sizes of the split stacks are 3 and 3
The result of combining the input stack and its top half is [1, 3, 5, 2, 4, 6, 2, 4, 6]
