
enter number of vertices and edges in the weighted digraph
enter weighted edge 1
enter weighted edge 2
enter weighted edge 3
enter weighted edge 4
enter weighted edge 5
enter weighted edge 6
enter weighted edge 7

The weighted digraph is
Vertex 1 = [5, 8, 3, 2, 2, 4]
Vertex 2 = [5, 5, 4, 4]
Vertex 3 = [4, 1]
Vertex 4 = [5, 3]
Vertex 5 = []

Working on weighted directed graph
cost matrix is
0 4 2 3 6 
null 0 null 4 5 
null null 0 1 4 
null null null 0 3 
null null null null 0 

kay matrix is
0 0 0 3 4 
0 0 0 0 0 
0 0 0 0 4 
0 0 0 0 0 
0 0 0 0 0 

The path is 1 3 4 5 
